<?xml version="1.0" encoding="UTF-8"?>
<testsuite name="TestBankAccountToString" tests="5" skipped="0" failures="0" errors="0" timestamp="2019-10-22T02:13:48" hostname="macdeMacBook-Pro.local" time="0.032">
  <properties/>
  <testcase name="testToString[0: @ca.ciccc.BankAccount.toString()]" classname="TestBankAccountToString" time="0.021"/>
  <testcase name="testToString[1: @ca.ciccc.BankAccount.toString()]" classname="TestBankAccountToString" time="0.001"/>
  <testcase name="testToString[2: @ca.ciccc.BankAccount.toString()]" classname="TestBankAccountToString" time="0.002"/>
  <testcase name="testToString[3: @ca.ciccc.BankAccount.toString()]" classname="TestBankAccountToString" time="0.0"/>
  <testcase name="testToString[4: @ca.ciccc.BankAccount.toString()]" classname="TestBankAccountToString" time="0.001"/>
  <system-out><![CDATA[]]></system-out>
  <system-err><![CDATA[]]></system-err>
</testsuite>
