<?xml version="1.0" encoding="UTF-8"?>
<testsuite name="TestBankAccountTransactionFee" tests="3" skipped="0" failures="0" errors="0" timestamp="2019-10-23T01:56:15" hostname="macdeMBP.hitronhub.home" time="0.002">
  <properties/>
  <testcase name="testTransactionFee[0: @ca.ciccc.BankAccount.transactionFee()]" classname="TestBankAccountTransactionFee" time="0.0"/>
  <testcase name="testTransactionFee[1: @ca.ciccc.BankAccount.transactionFee()]" classname="TestBankAccountTransactionFee" time="0.0"/>
  <testcase name="testTransactionFee[2: @ca.ciccc.BankAccount.transactionFee()]" classname="TestBankAccountTransactionFee" time="0.0"/>
  <system-out><![CDATA[]]></system-out>
  <system-err><![CDATA[]]></system-err>
</testsuite>
